{"uid":"79ad525d55d3cd48","name":"Find all the existing owners which are added in application","fullName":"org.alef.education.tests.owners.OwnersTest.findOwners","historyId":"9617d2d007c56b603b7154b268d46c53","time":{"start":1698739197676,"stop":1698739200825,"duration":3149},"status":"failed","statusMessage":"The following asserts failed:\n\tThe data for this name: {George Franklin} is wrong expected [[110 W. Liberty St., Madison, 6085551023, Leo]] but found [null],\n\tThe data for this name: {Harold Davis} is wrong expected [[563 Friendly St., Windsor, 6085553198, Iggy]] but found [[563 Friendly St., Windsort, 6085553198, Iggy]],\n\tThe data for this name: {Betty Davis} is wrong expected [[638 Cardinal Ave., Sun Prairie, 6085551749, Basil]] but found [null]","statusTrace":"java.lang.AssertionError: The following asserts failed:\n\tThe data for this name: {George Franklin} is wrong expected [[110 W. Liberty St., Madison, 6085551023, Leo]] but found [null],\n\tThe data for this name: {Harold Davis} is wrong expected [[563 Friendly St., Windsor, 6085553198, Iggy]] but found [[563 Friendly St., Windsort, 6085553198, Iggy]],\n\tThe data for this name: {Betty Davis} is wrong expected [[638 Cardinal Ave., Sun Prairie, 6085551749, Basil]] but found [null]\n\tat org.testng.asserts.SoftAssert.assertAll(SoftAssert.java:47)\n\tat org.testng.asserts.SoftAssert.assertAll(SoftAssert.java:31)\n\tat org.alef.education.tests.owners.OwnersTest.findOwners(OwnersTest.java:40)\n\tat java.base/jdk.internal.reflect.NativeMethodAccessorImpl.invoke0(Native Method)\n\tat java.base/jdk.internal.reflect.NativeMethodAccessorImpl.invoke(NativeMethodAccessorImpl.java:77)\n\tat java.base/jdk.internal.reflect.DelegatingMethodAccessorImpl.invoke(DelegatingMethodAccessorImpl.java:43)\n\tat java.base/java.lang.reflect.Method.invoke(Method.java:568)\n\tat org.testng.internal.MethodInvocationHelper.invokeMethod(MethodInvocationHelper.java:132)\n\tat org.testng.internal.TestInvoker.invokeMethod(TestInvoker.java:599)\n\tat org.testng.internal.TestInvoker.invokeTestMethod(TestInvoker.java:174)\n\tat org.testng.internal.MethodRunner.runInSequence(MethodRunner.java:46)\n\tat org.testng.internal.TestInvoker$MethodInvocationAgent.invoke(TestInvoker.java:822)\n\tat org.testng.internal.TestInvoker.invokeTestMethods(TestInvoker.java:147)\n\tat org.testng.internal.TestMethodWorker.invokeTestMethods(TestMethodWorker.java:146)\n\tat org.testng.internal.TestMethodWorker.run(TestMethodWorker.java:128)\n\tat java.base/java.util.ArrayList.forEach(ArrayList.java:1511)\n\tat org.testng.TestRunner.privateRun(TestRunner.java:764)\n\tat org.testng.TestRunner.run(TestRunner.java:585)\n\tat org.testng.SuiteRunner.runTest(SuiteRunner.java:384)\n\tat org.testng.SuiteRunner.runSequentially(SuiteRunner.java:378)\n\tat org.testng.SuiteRunner.privateRun(SuiteRunner.java:337)\n\tat org.testng.SuiteRunner.run(SuiteRunner.java:286)\n\tat org.testng.SuiteRunnerWorker.runSuite(SuiteRunnerWorker.java:53)\n\tat org.testng.SuiteRunnerWorker.run(SuiteRunnerWorker.java:96)\n\tat org.testng.TestNG.runSuitesSequentially(TestNG.java:1218)\n\tat org.testng.TestNG.runSuitesLocally(TestNG.java:1140)\n\tat org.testng.TestNG.runSuites(TestNG.java:1069)\n\tat org.testng.TestNG.run(TestNG.java:1037)\n\tat org.apache.maven.surefire.testng.TestNGExecutor.run(TestNGExecutor.java:136)\n\tat org.apache.maven.surefire.testng.TestNGDirectoryTestSuite.executeMulti(TestNGDirectoryTestSuite.java:193)\n\tat org.apache.maven.surefire.testng.TestNGDirectoryTestSuite.execute(TestNGDirectoryTestSuite.java:94)\n\tat org.apache.maven.surefire.testng.TestNGProvider.invoke(TestNGProvider.java:145)\n\tat org.apache.maven.surefire.booter.ForkedBooter.runSuitesInProcess(ForkedBooter.java:428)\n\tat org.apache.maven.surefire.booter.ForkedBooter.execute(ForkedBooter.java:162)\n\tat org.apache.maven.surefire.booter.ForkedBooter.run(ForkedBooter.java:562)\n\tat org.apache.maven.surefire.booter.ForkedBooter.main(ForkedBooter.java:548)\n","flaky":false,"newFailed":false,"newBroken":false,"newPassed":false,"retriesCount":0,"retriesStatusChange":false,"beforeStages":[{"name":"initialize the web drive","time":{"start":1698739194112,"stop":1698739197651,"duration":3539},"description":"initialize the web drive","status":"passed","steps":[],"attachments":[],"parameters":[],"shouldDisplayMessage":false,"stepsCount":0,"attachmentsCount":0,"hasContent":false}],"testStage":{"status":"failed","statusMessage":"The following asserts failed:\n\tThe data for this name: {George Franklin} is wrong expected [[110 W. Liberty St., Madison, 6085551023, Leo]] but found [null],\n\tThe data for this name: {Harold Davis} is wrong expected [[563 Friendly St., Windsor, 6085553198, Iggy]] but found [[563 Friendly St., Windsort, 6085553198, Iggy]],\n\tThe data for this name: {Betty Davis} is wrong expected [[638 Cardinal Ave., Sun Prairie, 6085551749, Basil]] but found [null]","statusTrace":"java.lang.AssertionError: The following asserts failed:\n\tThe data for this name: {George Franklin} is wrong expected [[110 W. Liberty St., Madison, 6085551023, Leo]] but found [null],\n\tThe data for this name: {Harold Davis} is wrong expected [[563 Friendly St., Windsor, 6085553198, Iggy]] but found [[563 Friendly St., Windsort, 6085553198, Iggy]],\n\tThe data for this name: {Betty Davis} is wrong expected [[638 Cardinal Ave., Sun Prairie, 6085551749, Basil]] but found [null]\n\tat org.testng.asserts.SoftAssert.assertAll(SoftAssert.java:47)\n\tat org.testng.asserts.SoftAssert.assertAll(SoftAssert.java:31)\n\tat org.alef.education.tests.owners.OwnersTest.findOwners(OwnersTest.java:40)\n\tat java.base/jdk.internal.reflect.NativeMethodAccessorImpl.invoke0(Native Method)\n\tat java.base/jdk.internal.reflect.NativeMethodAccessorImpl.invoke(NativeMethodAccessorImpl.java:77)\n\tat java.base/jdk.internal.reflect.DelegatingMethodAccessorImpl.invoke(DelegatingMethodAccessorImpl.java:43)\n\tat java.base/java.lang.reflect.Method.invoke(Method.java:568)\n\tat org.testng.internal.MethodInvocationHelper.invokeMethod(MethodInvocationHelper.java:132)\n\tat org.testng.internal.TestInvoker.invokeMethod(TestInvoker.java:599)\n\tat org.testng.internal.TestInvoker.invokeTestMethod(TestInvoker.java:174)\n\tat org.testng.internal.MethodRunner.runInSequence(MethodRunner.java:46)\n\tat org.testng.internal.TestInvoker$MethodInvocationAgent.invoke(TestInvoker.java:822)\n\tat org.testng.internal.TestInvoker.invokeTestMethods(TestInvoker.java:147)\n\tat org.testng.internal.TestMethodWorker.invokeTestMethods(TestMethodWorker.java:146)\n\tat org.testng.internal.TestMethodWorker.run(TestMethodWorker.java:128)\n\tat java.base/java.util.ArrayList.forEach(ArrayList.java:1511)\n\tat org.testng.TestRunner.privateRun(TestRunner.java:764)\n\tat org.testng.TestRunner.run(TestRunner.java:585)\n\tat org.testng.SuiteRunner.runTest(SuiteRunner.java:384)\n\tat org.testng.SuiteRunner.runSequentially(SuiteRunner.java:378)\n\tat org.testng.SuiteRunner.privateRun(SuiteRunner.java:337)\n\tat org.testng.SuiteRunner.run(SuiteRunner.java:286)\n\tat org.testng.SuiteRunnerWorker.runSuite(SuiteRunnerWorker.java:53)\n\tat org.testng.SuiteRunnerWorker.run(SuiteRunnerWorker.java:96)\n\tat org.testng.TestNG.runSuitesSequentially(TestNG.java:1218)\n\tat org.testng.TestNG.runSuitesLocally(TestNG.java:1140)\n\tat org.testng.TestNG.runSuites(TestNG.java:1069)\n\tat org.testng.TestNG.run(TestNG.java:1037)\n\tat org.apache.maven.surefire.testng.TestNGExecutor.run(TestNGExecutor.java:136)\n\tat org.apache.maven.surefire.testng.TestNGDirectoryTestSuite.executeMulti(TestNGDirectoryTestSuite.java:193)\n\tat org.apache.maven.surefire.testng.TestNGDirectoryTestSuite.execute(TestNGDirectoryTestSuite.java:94)\n\tat org.apache.maven.surefire.testng.TestNGProvider.invoke(TestNGProvider.java:145)\n\tat org.apache.maven.surefire.booter.ForkedBooter.runSuitesInProcess(ForkedBooter.java:428)\n\tat org.apache.maven.surefire.booter.ForkedBooter.execute(ForkedBooter.java:162)\n\tat org.apache.maven.surefire.booter.ForkedBooter.run(ForkedBooter.java:562)\n\tat org.apache.maven.surefire.booter.ForkedBooter.main(ForkedBooter.java:548)\n","steps":[{"name":"Click on Find Owners Tab","time":{"start":1698739197678,"stop":1698739198360,"duration":682},"status":"passed","steps":[],"attachments":[],"parameters":[],"shouldDisplayMessage":false,"stepsCount":0,"attachmentsCount":0,"hasContent":false},{"name":"Click on Find Owner button","time":{"start":1698739198360,"stop":1698739198856,"duration":496},"status":"passed","steps":[],"attachments":[],"parameters":[],"shouldDisplayMessage":false,"stepsCount":0,"attachmentsCount":0,"hasContent":false},{"name":"Read the table data","time":{"start":1698739198856,"stop":1698739200379,"duration":1523},"status":"passed","steps":[],"attachments":[],"parameters":[],"shouldDisplayMessage":false,"stepsCount":0,"attachmentsCount":0,"hasContent":false}],"attachments":[{"uid":"b8457baa7052af8b","name":"Screenshot","source":"b8457baa7052af8b.png","type":"image/png","size":162345},{"uid":"40c9e051c9eb253a","name":"The data for this name: {George Franklin} is wrong expected [[110 W. Liberty St., Madison, 6085551023, Leo]] but found [null]","source":"40c9e051c9eb253a.txt","type":"text/plain","size":125},{"uid":"5abeea9f28af8499","name":"Screenshot","source":"5abeea9f28af8499.png","type":"image/png","size":162345},{"uid":"39abb7a65c4f2e02","name":"The data for this name: {Harold Davis} is wrong expected [[563 Friendly St., Windsor, 6085553198, Iggy]] but found [[563 Friendly St., Windsort, 6085553198, Iggy]]","source":"39abb7a65c4f2e02.txt","type":"text/plain","size":163},{"uid":"4f732128d693d6bf","name":"Screenshot","source":"4f732128d693d6bf.png","type":"image/png","size":162345},{"uid":"6b80c60d49b45f00","name":"The data for this name: {Betty Davis} is wrong expected [[638 Cardinal Ave., Sun Prairie, 6085551749, Basil]] but found [null]","source":"6b80c60d49b45f00.txt","type":"text/plain","size":126},{"uid":"1f9d7f14e31d1871","name":"Screenshot","source":"1f9d7f14e31d1871.png","type":"image/png","size":162345},{"uid":"c005c74a4bed51a7","name":"findOwners failed and screenshot taken.","source":"c005c74a4bed51a7.txt","type":"text/plain","size":39}],"parameters":[],"shouldDisplayMessage":true,"stepsCount":3,"attachmentsCount":8,"hasContent":true},"afterStages":[{"name":"close the web drive","time":{"start":1698739200827,"stop":1698739201547,"duration":720},"description":"close the web drive","status":"passed","steps":[],"attachments":[],"parameters":[],"shouldDisplayMessage":false,"stepsCount":0,"attachmentsCount":0,"hasContent":false}],"labels":[{"name":"package","value":"org.alef.education.tests.owners.OwnersTest"},{"name":"testClass","value":"org.alef.education.tests.owners.OwnersTest"},{"name":"testMethod","value":"findOwners"},{"name":"parentSuite","value":"Surefire suite"},{"name":"suite","value":"Surefire test"},{"name":"subSuite","value":"org.alef.education.tests.owners.OwnersTest"},{"name":"host","value":"fv-az389-850"},{"name":"thread","value":"3113@fv-az389-850.main(1)"},{"name":"framework","value":"testng"},{"name":"language","value":"java"},{"name":"resultFormat","value":"allure2"}],"parameters":[],"links":[],"hidden":false,"retry":false,"extra":{"severity":"normal","retries":[],"categories":[{"name":"Product defects","matchedStatuses":[],"flaky":false}],"history":{"statistic":{"failed":3,"broken":0,"skipped":0,"passed":2,"unknown":0,"total":5},"items":[{"uid":"ba0110c6f3b953d0","reportUrl":"https://abdulrahmanMohamed2020.github.io/petclinic-automation-test/4//#testresult/ba0110c6f3b953d0","status":"failed","statusDetails":"The following asserts failed:\n\tThe data for this name: {George Franklin} is wrong expected [[110 W. Liberty St., Madison, 6085551023, Leo]] but found [null],\n\tThe data for this name: {Harold Davis} is wrong expected [[563 Friendly St., Windsor, 6085553198, Iggy]] but found [[563 Friendly St., Windsort, 6085553198, Iggy]],\n\tThe data for this name: {Betty Davis} is wrong expected [[638 Cardinal Ave., Sun Prairie, 6085551749, Basil]] but found [null]","time":{"start":1698738909113,"stop":1698738912003,"duration":2890}},{"uid":"ee62ea3580617ab9","reportUrl":"https://abdulrahmanMohamed2020.github.io/petclinic-automation-test/4//#testresult/ee62ea3580617ab9","status":"failed","statusDetails":"The following asserts failed:\n\tThe data for this name: {George Franklin} is wrong expected [[110 W. Liberty St., Madison, 6085551023, Leo]] but found [null]","time":{"start":1698313799884,"stop":1698313802865,"duration":2981}},{"uid":"f40d972d77d1bfdd","reportUrl":"https://abdulrahmanMohamed2020.github.io/petclinic-automation-test/3//#testresult/f40d972d77d1bfdd","status":"passed","time":{"start":1697839409652,"stop":1697839415681,"duration":6029}},{"uid":"405fe6225d7f68d4","reportUrl":"https://abdulrahmanMohamed2020.github.io/petclinic-automation-test/2//#testresult/405fe6225d7f68d4","status":"passed","time":{"start":1697839160532,"stop":1697839164422,"duration":3890}}]},"tags":[]},"source":"79ad525d55d3cd48.json","parameterValues":[]}