{"uid":"ee62ea3580617ab9","name":"Find all the existing owners which are added in application","fullName":"org.alef.education.tests.owners.OwnersTest.findOwners","historyId":"9617d2d007c56b603b7154b268d46c53","time":{"start":1698313799884,"stop":1698313802865,"duration":2981},"status":"failed","statusMessage":"The following asserts failed:\n\tThe data for this name: {George Franklin} is wrong expected [[110 W. Liberty St., Madison, 6085551023, Leo]] but found [null]","statusTrace":"java.lang.AssertionError: The following asserts failed:\n\tThe data for this name: {George Franklin} is wrong expected [[110 W. Liberty St., Madison, 6085551023, Leo]] but found [null]\n\tat org.testng.asserts.SoftAssert.assertAll(SoftAssert.java:47)\n\tat org.testng.asserts.SoftAssert.assertAll(SoftAssert.java:31)\n\tat org.alef.education.tests.owners.OwnersTest.findOwners(OwnersTest.java:40)\n\tat java.base/jdk.internal.reflect.NativeMethodAccessorImpl.invoke0(Native Method)\n\tat java.base/jdk.internal.reflect.NativeMethodAccessorImpl.invoke(NativeMethodAccessorImpl.java:77)\n\tat java.base/jdk.internal.reflect.DelegatingMethodAccessorImpl.invoke(DelegatingMethodAccessorImpl.java:43)\n\tat java.base/java.lang.reflect.Method.invoke(Method.java:568)\n\tat org.testng.internal.MethodInvocationHelper.invokeMethod(MethodInvocationHelper.java:132)\n\tat org.testng.internal.TestInvoker.invokeMethod(TestInvoker.java:599)\n\tat org.testng.internal.TestInvoker.invokeTestMethod(TestInvoker.java:174)\n\tat org.testng.internal.MethodRunner.runInSequence(MethodRunner.java:46)\n\tat org.testng.internal.TestInvoker$MethodInvocationAgent.invoke(TestInvoker.java:822)\n\tat org.testng.internal.TestInvoker.invokeTestMethods(TestInvoker.java:147)\n\tat org.testng.internal.TestMethodWorker.invokeTestMethods(TestMethodWorker.java:146)\n\tat org.testng.internal.TestMethodWorker.run(TestMethodWorker.java:128)\n\tat java.base/java.util.ArrayList.forEach(ArrayList.java:1511)\n\tat org.testng.TestRunner.privateRun(TestRunner.java:764)\n\tat org.testng.TestRunner.run(TestRunner.java:585)\n\tat org.testng.SuiteRunner.runTest(SuiteRunner.java:384)\n\tat org.testng.SuiteRunner.runSequentially(SuiteRunner.java:378)\n\tat org.testng.SuiteRunner.privateRun(SuiteRunner.java:337)\n\tat org.testng.SuiteRunner.run(SuiteRunner.java:286)\n\tat org.testng.SuiteRunnerWorker.runSuite(SuiteRunnerWorker.java:53)\n\tat org.testng.SuiteRunnerWorker.run(SuiteRunnerWorker.java:96)\n\tat org.testng.TestNG.runSuitesSequentially(TestNG.java:1218)\n\tat org.testng.TestNG.runSuitesLocally(TestNG.java:1140)\n\tat org.testng.TestNG.runSuites(TestNG.java:1069)\n\tat org.testng.TestNG.run(TestNG.java:1037)\n\tat org.apache.maven.surefire.testng.TestNGExecutor.run(TestNGExecutor.java:136)\n\tat org.apache.maven.surefire.testng.TestNGDirectoryTestSuite.executeMulti(TestNGDirectoryTestSuite.java:193)\n\tat org.apache.maven.surefire.testng.TestNGDirectoryTestSuite.execute(TestNGDirectoryTestSuite.java:94)\n\tat org.apache.maven.surefire.testng.TestNGProvider.invoke(TestNGProvider.java:145)\n\tat org.apache.maven.surefire.booter.ForkedBooter.runSuitesInProcess(ForkedBooter.java:428)\n\tat org.apache.maven.surefire.booter.ForkedBooter.execute(ForkedBooter.java:162)\n\tat org.apache.maven.surefire.booter.ForkedBooter.run(ForkedBooter.java:562)\n\tat org.apache.maven.surefire.booter.ForkedBooter.main(ForkedBooter.java:548)\n","flaky":false,"newFailed":true,"newBroken":false,"newPassed":false,"retriesCount":0,"retriesStatusChange":false,"beforeStages":[{"name":"initialize the web drive","time":{"start":1698313796537,"stop":1698313799845,"duration":3308},"description":"initialize the web drive","status":"passed","steps":[],"attachments":[],"parameters":[],"shouldDisplayMessage":false,"stepsCount":0,"attachmentsCount":0,"hasContent":false}],"testStage":{"status":"failed","statusMessage":"The following asserts failed:\n\tThe data for this name: {George Franklin} is wrong expected [[110 W. Liberty St., Madison, 6085551023, Leo]] but found [null]","statusTrace":"java.lang.AssertionError: The following asserts failed:\n\tThe data for this name: {George Franklin} is wrong expected [[110 W. Liberty St., Madison, 6085551023, Leo]] but found [null]\n\tat org.testng.asserts.SoftAssert.assertAll(SoftAssert.java:47)\n\tat org.testng.asserts.SoftAssert.assertAll(SoftAssert.java:31)\n\tat org.alef.education.tests.owners.OwnersTest.findOwners(OwnersTest.java:40)\n\tat java.base/jdk.internal.reflect.NativeMethodAccessorImpl.invoke0(Native Method)\n\tat java.base/jdk.internal.reflect.NativeMethodAccessorImpl.invoke(NativeMethodAccessorImpl.java:77)\n\tat java.base/jdk.internal.reflect.DelegatingMethodAccessorImpl.invoke(DelegatingMethodAccessorImpl.java:43)\n\tat java.base/java.lang.reflect.Method.invoke(Method.java:568)\n\tat org.testng.internal.MethodInvocationHelper.invokeMethod(MethodInvocationHelper.java:132)\n\tat org.testng.internal.TestInvoker.invokeMethod(TestInvoker.java:599)\n\tat org.testng.internal.TestInvoker.invokeTestMethod(TestInvoker.java:174)\n\tat org.testng.internal.MethodRunner.runInSequence(MethodRunner.java:46)\n\tat org.testng.internal.TestInvoker$MethodInvocationAgent.invoke(TestInvoker.java:822)\n\tat org.testng.internal.TestInvoker.invokeTestMethods(TestInvoker.java:147)\n\tat org.testng.internal.TestMethodWorker.invokeTestMethods(TestMethodWorker.java:146)\n\tat org.testng.internal.TestMethodWorker.run(TestMethodWorker.java:128)\n\tat java.base/java.util.ArrayList.forEach(ArrayList.java:1511)\n\tat org.testng.TestRunner.privateRun(TestRunner.java:764)\n\tat org.testng.TestRunner.run(TestRunner.java:585)\n\tat org.testng.SuiteRunner.runTest(SuiteRunner.java:384)\n\tat org.testng.SuiteRunner.runSequentially(SuiteRunner.java:378)\n\tat org.testng.SuiteRunner.privateRun(SuiteRunner.java:337)\n\tat org.testng.SuiteRunner.run(SuiteRunner.java:286)\n\tat org.testng.SuiteRunnerWorker.runSuite(SuiteRunnerWorker.java:53)\n\tat org.testng.SuiteRunnerWorker.run(SuiteRunnerWorker.java:96)\n\tat org.testng.TestNG.runSuitesSequentially(TestNG.java:1218)\n\tat org.testng.TestNG.runSuitesLocally(TestNG.java:1140)\n\tat org.testng.TestNG.runSuites(TestNG.java:1069)\n\tat org.testng.TestNG.run(TestNG.java:1037)\n\tat org.apache.maven.surefire.testng.TestNGExecutor.run(TestNGExecutor.java:136)\n\tat org.apache.maven.surefire.testng.TestNGDirectoryTestSuite.executeMulti(TestNGDirectoryTestSuite.java:193)\n\tat org.apache.maven.surefire.testng.TestNGDirectoryTestSuite.execute(TestNGDirectoryTestSuite.java:94)\n\tat org.apache.maven.surefire.testng.TestNGProvider.invoke(TestNGProvider.java:145)\n\tat org.apache.maven.surefire.booter.ForkedBooter.runSuitesInProcess(ForkedBooter.java:428)\n\tat org.apache.maven.surefire.booter.ForkedBooter.execute(ForkedBooter.java:162)\n\tat org.apache.maven.surefire.booter.ForkedBooter.run(ForkedBooter.java:562)\n\tat org.apache.maven.surefire.booter.ForkedBooter.main(ForkedBooter.java:548)\n","steps":[{"name":"Click on Find Owners Tab","time":{"start":1698313799885,"stop":1698313800487,"duration":602},"status":"passed","steps":[],"attachments":[],"parameters":[],"shouldDisplayMessage":false,"stepsCount":0,"attachmentsCount":0,"hasContent":false},{"name":"Click on Find Owner button","time":{"start":1698313800488,"stop":1698313800938,"duration":450},"status":"passed","steps":[],"attachments":[],"parameters":[],"shouldDisplayMessage":false,"stepsCount":0,"attachmentsCount":0,"hasContent":false},{"name":"Read the table data","time":{"start":1698313800939,"stop":1698313802677,"duration":1738},"status":"passed","steps":[],"attachments":[],"parameters":[],"shouldDisplayMessage":false,"stepsCount":0,"attachmentsCount":0,"hasContent":false}],"attachments":[{"uid":"a6d20671367bade6","name":"Screenshot","source":"a6d20671367bade6.png","type":"image/png","size":170915},{"uid":"b11944cebef753c0","name":"The data for this name: {George Franklin} is wrong expected [[110 W. Liberty St., Madison, 6085551023, Leo]] but found [null]","source":"b11944cebef753c0.txt","type":"text/plain","size":125},{"uid":"23ec5c84c66bb3be","name":"Screenshot","source":"23ec5c84c66bb3be.png","type":"image/png","size":170915},{"uid":"da9242fa247c9463","name":"findOwners failed and screenshot taken.","source":"da9242fa247c9463.txt","type":"text/plain","size":39}],"parameters":[],"shouldDisplayMessage":true,"stepsCount":3,"attachmentsCount":4,"hasContent":true},"afterStages":[{"name":"close the web drive","time":{"start":1698313802869,"stop":1698313803587,"duration":718},"description":"close the web drive","status":"passed","steps":[],"attachments":[],"parameters":[],"shouldDisplayMessage":false,"stepsCount":0,"attachmentsCount":0,"hasContent":false}],"labels":[{"name":"package","value":"org.alef.education.tests.owners.OwnersTest"},{"name":"testClass","value":"org.alef.education.tests.owners.OwnersTest"},{"name":"testMethod","value":"findOwners"},{"name":"parentSuite","value":"Surefire suite"},{"name":"suite","value":"Surefire test"},{"name":"subSuite","value":"org.alef.education.tests.owners.OwnersTest"},{"name":"host","value":"fv-az440-719"},{"name":"thread","value":"3184@fv-az440-719.main(1)"},{"name":"framework","value":"testng"},{"name":"language","value":"java"},{"name":"resultFormat","value":"allure2"}],"parameters":[],"links":[],"hidden":false,"retry":false,"extra":{"severity":"normal","retries":[],"categories":[{"name":"Product defects","matchedStatuses":[],"flaky":false}],"history":{"statistic":{"failed":1,"broken":0,"skipped":0,"passed":2,"unknown":0,"total":3},"items":[{"uid":"f40d972d77d1bfdd","reportUrl":"https://abdulrahmanMohamed2020.github.io/petclinic-automation-test/3//#testresult/f40d972d77d1bfdd","status":"passed","time":{"start":1697839409652,"stop":1697839415681,"duration":6029}},{"uid":"405fe6225d7f68d4","reportUrl":"https://abdulrahmanMohamed2020.github.io/petclinic-automation-test/2//#testresult/405fe6225d7f68d4","status":"passed","time":{"start":1697839160532,"stop":1697839164422,"duration":3890}}]},"tags":[]},"source":"ee62ea3580617ab9.json","parameterValues":[]}